(Apr-13|01:31:23) [SEVERE] Could not pass event AbilityStartEvent to ProjectKorraItems v1.4.0
org.bukkit.event.EventException
	at org.bukkit.plugin.java.JavaPluginLoader$1.execute(JavaPluginLoader.java:306)
	at org.bukkit.plugin.RegisteredListener.callEvent(RegisteredListener.java:62)
	at org.bukkit.plugin.SimplePluginManager.fireEvent(SimplePluginManager.java:502)
	at org.bukkit.plugin.SimplePluginManager.callEvent(SimplePluginManager.java:487)
	at com.projectkorra.projectkorra.ability.CoreAbility.start(CoreAbility.java:141)
	at com.projectkorra.projectkorra.waterbending.blood.Bloodbending.<init>(Bloodbending.java:130)
	at com.projectkorra.projectkorra.PKListener.onPlayerSneak(PKListener.java:1319)
	at sun.reflect.GeneratedMethodAccessor3188.invoke(Unknown Source)
	at sun.reflect.DelegatingMethodAccessorImpl.invoke(DelegatingMethodAccessorImpl.java:43)
	at java.lang.reflect.Method.invoke(Method.java:497)
	at org.bukkit.plugin.java.JavaPluginLoader$1.execute(JavaPluginLoader.java:302)
	at org.bukkit.plugin.RegisteredListener.callEvent(RegisteredListener.java:62)
	at org.bukkit.plugin.SimplePluginManager.fireEvent(SimplePluginManager.java:502)
	at org.bukkit.plugin.SimplePluginManager.callEvent(SimplePluginManager.java:487)
	at net.minecraft.server.v1_11_R1.PlayerConnection.a(PlayerConnection.java:1411)
	at net.minecraft.server.v1_11_R1.PacketPlayInEntityAction.a(SourceFile:43)
	at net.minecraft.server.v1_11_R1.PacketPlayInEntityAction.a(SourceFile:9)
	at net.minecraft.server.v1_11_R1.PlayerConnectionUtils$1.run(SourceFile:13)
	at java.util.concurrent.Executors$RunnableAdapter.call(Executors.java:511)
	at java.util.concurrent.FutureTask.run(FutureTask.java:266)
	at net.minecraft.server.v1_11_R1.SystemUtils.a(SourceFile:46)
	at net.minecraft.server.v1_11_R1.MinecraftServer.D(MinecraftServer.java:747)
	at net.minecraft.server.v1_11_R1.DedicatedServer.D(DedicatedServer.java:399)
	at net.minecraft.server.v1_11_R1.MinecraftServer.C(MinecraftServer.java:678)
	at net.minecraft.server.v1_11_R1.MinecraftServer.run(MinecraftServer.java:576)
	at java.lang.Thread.run(Thread.java:745)
Caused by: java.lang.NoClassDefFoundError: com/projectkorra/projectkorra/firebending/Lightning
	at com.projectkorra.items.abilityupdater.FireUpdater.updateAbility(FireUpdater.java:46)
	at com.projectkorra.items.abilityupdater.AbilityUpdater.updateAbility(AbilityUpdater.java:51)
	at com.projectkorra.items.abilityupdater.AbilityUpdater.onStart(AbilityUpdater.java:31)
	at sun.reflect.GeneratedMethodAccessor3307.invoke(Unknown Source)
	at sun.reflect.DelegatingMethodAccessorImpl.invoke(DelegatingMethodAccessorImpl.java:43)
	at java.lang.reflect.Method.invoke(Method.java:497)
	at org.bukkit.plugin.java.JavaPluginLoader$1.execute(JavaPluginLoader.java:302)
	... 25 more
(Apr-13|01:35:29) [SEVERE] Could not pass event AbilityStartEvent to ProjectKorraItems v1.4.0
org.bukkit.event.EventException
	at org.bukkit.plugin.java.JavaPluginLoader$1.execute(JavaPluginLoader.java:306)
	at org.bukkit.plugin.RegisteredListener.callEvent(RegisteredListener.java:62)
	at org.bukkit.plugin.SimplePluginManager.fireEvent(SimplePluginManager.java:502)
	at org.bukkit.plugin.SimplePluginManager.callEvent(SimplePluginManager.java:487)
	at com.projectkorra.projectkorra.ability.CoreAbility.start(CoreAbility.java:141)
	at com.projectkorra.projectkorra.ability.util.PassiveManager.registerPassives(PassiveManager.java:64)
	at com.projectkorra.projectkorra.PKListener$3.run(PKListener.java:1043)
	at org.bukkit.craftbukkit.v1_11_R1.scheduler.CraftTask.run(CraftTask.java:71)
	at org.bukkit.craftbukkit.v1_11_R1.scheduler.CraftScheduler.mainThreadHeartbeat(CraftScheduler.java:353)
	at net.minecraft.server.v1_11_R1.MinecraftServer.D(MinecraftServer.java:738)
	at net.minecraft.server.v1_11_R1.DedicatedServer.D(DedicatedServer.java:399)
	at net.minecraft.server.v1_11_R1.MinecraftServer.C(MinecraftServer.java:678)
	at net.minecraft.server.v1_11_R1.MinecraftServer.run(MinecraftServer.java:576)
	at java.lang.Thread.run(Thread.java:745)
Caused by: java.lang.NoClassDefFoundError: com/projectkorra/projectkorra/firebending/Lightning
	at com.projectkorra.items.abilityupdater.FireUpdater.updateAbility(FireUpdater.java:46)
	at com.projectkorra.items.abilityupdater.AbilityUpdater.updateAbility(AbilityUpdater.java:51)
	at com.projectkorra.items.abilityupdater.AbilityUpdater.onStart(AbilityUpdater.java:31)
	at sun.reflect.GeneratedMethodAccessor3307.invoke(Unknown Source)
	at sun.reflect.DelegatingMethodAccessorImpl.invoke(DelegatingMethodAccessorImpl.java:43)
	at java.lang.reflect.Method.invoke(Method.java:497)
	at org.bukkit.plugin.java.JavaPluginLoader$1.execute(JavaPluginLoader.java:302)
	... 13 more
(Apr-13|02:02:56) [WARNING] [AutoSaveWorld] Plugin ProjectKorra attempted to establish connection http://projectkorra.com/forums/dev-builds.16/index.rss in main server thread
(Apr-13|02:02:56) [WARNING] [AutoSaveWorld] Plugin ProjectKorra attempted to establish connection socket://projectkorra.com:80 in main server thread
(Apr-13|02:03:00) [SEVERE] Could not pass event AbilityStartEvent to ProjectKorraItems v1.4.0
org.bukkit.event.EventException
	at org.bukkit.plugin.java.JavaPluginLoader$1.execute(JavaPluginLoader.java:306)
	at org.bukkit.plugin.RegisteredListener.callEvent(RegisteredListener.java:62)
	at org.bukkit.plugin.SimplePluginManager.fireEvent(SimplePluginManager.java:502)
	at org.bukkit.plugin.SimplePluginManager.callEvent(SimplePluginManager.java:487)
	at com.projectkorra.projectkorra.ability.CoreAbility.start(CoreAbility.java:141)
	at com.projectkorra.projectkorra.ability.util.PassiveManager.registerPassives(PassiveManager.java:64)
	at com.projectkorra.projectkorra.ProjectKorra$2.run(ProjectKorra.java:123)
	at org.bukkit.craftbukkit.v1_11_R1.scheduler.CraftTask.run(CraftTask.java:71)
	at org.bukkit.craftbukkit.v1_11_R1.scheduler.CraftScheduler.mainThreadHeartbeat(CraftScheduler.java:353)
	at net.minecraft.server.v1_11_R1.MinecraftServer.D(MinecraftServer.java:738)
	at net.minecraft.server.v1_11_R1.DedicatedServer.D(DedicatedServer.java:399)
	at net.minecraft.server.v1_11_R1.MinecraftServer.C(MinecraftServer.java:678)
	at net.minecraft.server.v1_11_R1.MinecraftServer.run(MinecraftServer.java:576)
	at java.lang.Thread.run(Thread.java:745)
Caused by: java.lang.NoClassDefFoundError: com/projectkorra/projectkorra/firebending/Lightning
	at com.projectkorra.items.abilityupdater.FireUpdater.updateAbility(FireUpdater.java:46)
	at com.projectkorra.items.abilityupdater.AbilityUpdater.updateAbility(AbilityUpdater.java:51)
	at com.projectkorra.items.abilityupdater.AbilityUpdater.onStart(AbilityUpdater.java:31)
	at sun.reflect.NativeMethodAccessorImpl.invoke0(Native Method)
	at sun.reflect.NativeMethodAccessorImpl.invoke(NativeMethodAccessorImpl.java:62)
	at sun.reflect.DelegatingMethodAccessorImpl.invoke(DelegatingMethodAccessorImpl.java:43)
	at java.lang.reflect.Method.invoke(Method.java:497)
	at org.bukkit.plugin.java.JavaPluginLoader$1.execute(JavaPluginLoader.java:302)
	... 13 more
Caused by: java.lang.ClassNotFoundException: com.projectkorra.projectkorra.firebending.Lightning
	at java.net.URLClassLoader.findClass(URLClassLoader.java:381)
	at org.bukkit.plugin.java.PluginClassLoader.findClass(PluginClassLoader.java:101)
	at org.bukkit.plugin.java.PluginClassLoader.findClass(PluginClassLoader.java:86)
	at java.lang.ClassLoader.loadClass(ClassLoader.java:424)
	at java.lang.ClassLoader.loadClass(ClassLoader.java:357)
	... 21 more
(Apr-13|02:03:00) [SEVERE] Could not pass event AbilityStartEvent to ProjectKorraItems v1.4.0
org.bukkit.event.EventException
	at org.bukkit.plugin.java.JavaPluginLoader$1.execute(JavaPluginLoader.java:306)
	at org.bukkit.plugin.RegisteredListener.callEvent(RegisteredListener.java:62)
	at org.bukkit.plugin.SimplePluginManager.fireEvent(SimplePluginManager.java:502)
	at org.bukkit.plugin.SimplePluginManager.callEvent(SimplePluginManager.java:487)
	at com.projectkorra.projectkorra.ability.CoreAbility.start(CoreAbility.java:141)
	at com.projectkorra.projectkorra.ability.util.PassiveManager.registerPassives(PassiveManager.java:64)
	at com.projectkorra.projectkorra.ProjectKorra$2.run(ProjectKorra.java:123)
	at org.bukkit.craftbukkit.v1_11_R1.scheduler.CraftTask.run(CraftTask.java:71)
	at org.bukkit.craftbukkit.v1_11_R1.scheduler.CraftScheduler.mainThreadHeartbeat(CraftScheduler.java:353)
	at net.minecraft.server.v1_11_R1.MinecraftServer.D(MinecraftServer.java:738)
	at net.minecraft.server.v1_11_R1.DedicatedServer.D(DedicatedServer.java:399)
	at net.minecraft.server.v1_11_R1.MinecraftServer.C(MinecraftServer.java:678)
	at net.minecraft.server.v1_11_R1.MinecraftServer.run(MinecraftServer.java:576)
	at java.lang.Thread.run(Thread.java:745)
Caused by: java.lang.NoClassDefFoundError: com/projectkorra/projectkorra/firebending/Lightning
	at com.projectkorra.items.abilityupdater.FireUpdater.updateAbility(FireUpdater.java:46)
	at com.projectkorra.items.abilityupdater.AbilityUpdater.updateAbility(AbilityUpdater.java:51)
	at com.projectkorra.items.abilityupdater.AbilityUpdater.onStart(AbilityUpdater.java:31)
	at sun.reflect.NativeMethodAccessorImpl.invoke0(Native Method)
	at sun.reflect.NativeMethodAccessorImpl.invoke(NativeMethodAccessorImpl.java:62)
	at sun.reflect.DelegatingMethodAccessorImpl.invoke(DelegatingMethodAccessorImpl.java:43)
	at java.lang.reflect.Method.invoke(Method.java:497)
	at org.bukkit.plugin.java.JavaPluginLoader$1.execute(JavaPluginLoader.java:302)
	... 13 more
