[2017-04-18 03:15:39 DEBUG]: Registering MenuAPI listener to EnjinMinecraftPlugin
[2017-04-18 03:15:39 DEBUG]: Init gui api done.
[2017-04-18 03:15:39 DEBUG]: Registering service: PluginService
[2017-04-18 03:15:39 DEBUG]: Enjin API URL: https://api.enjin.com/api/v1/minecraft.php
[2017-04-18 03:15:39 DEBUG]: JSONRPC2 Request: {"method":"Plugin.auth","id":1,"params":{"authkey":"**************************************************","port":25565,"save":true},"jsonrpc":"2.0"}
[2017-04-18 03:15:39 DEBUG]: JSONRPC2 Response: {"result":true,"id":"1","jsonrpc":"2.0"}
[2017-04-18 03:15:39 DEBUG]: Init version done.
[2017-04-18 03:15:39 DEBUG]: Registering commands and directives for CoreCommands
[2017-04-18 03:15:39 DEBUG]: Registering command: enjin
[2017-04-18 03:15:39 DEBUG]: Registering command: enjinkey
[2017-04-18 03:15:39 DEBUG]: Registering directive: report for command: enjin
[2017-04-18 03:15:39 DEBUG]: Registering directive: tags for command: enjin
[2017-04-18 03:15:39 DEBUG]: Registering directive: inform for command: enjin
[2017-04-18 03:15:39 DEBUG]: Registering directive: lag for command: enjin
[2017-04-18 03:15:39 DEBUG]: Registering directive: give for command: enjin
[2017-04-18 03:15:39 DEBUG]: Registering directive: broadcast for command: enjin
[2017-04-18 03:15:39 DEBUG]: Registering directive: push for command: enjin
[2017-04-18 03:15:39 DEBUG]: Registering directive: key for command: enjin
[2017-04-18 03:15:39 DEBUG]: Registering directive: debug for command: enjin
[2017-04-18 03:15:39 DEBUG]: Registering commands and directives for BuyCommand
[2017-04-18 03:15:39 DEBUG]: Registering command: buy
[2017-04-18 03:15:39 DEBUG]: Registering directive: item for command: buy
[2017-04-18 03:15:39 DEBUG]: Registering directive: page for command: buy
[2017-04-18 03:15:39 DEBUG]: Registering directive: confirm for command: buy
[2017-04-18 03:15:39 DEBUG]: Registering directive: shop for command: buy
[2017-04-18 03:15:39 DEBUG]: Registering commands and directives for HeadCommands
[2017-04-18 03:15:39 DEBUG]: Registering directive: updateheads for command: enjin
[2017-04-18 03:15:39 DEBUG]: Registering directive: head for command: enjin
[2017-04-18 03:15:39 DEBUG]: Registering commands and directives for SupportCommands
[2017-04-18 03:15:39 DEBUG]: Registering directive: support for command: enjin
[2017-04-18 03:15:39 DEBUG]: Registering directive: ticket for command: enjin
[2017-04-18 03:15:39 DEBUG]: Registering directive: reply for command: enjin
[2017-04-18 03:15:39 DEBUG]: Registering directive: ticketstatus for command: enjin
[2017-04-18 03:15:39 DEBUG]: Registering directive: openticket for command: enjin
[2017-04-18 03:15:39 DEBUG]: Registering commands and directives for PointCommands
[2017-04-18 03:15:39 DEBUG]: Registering directive: addpoints for command: enjin
[2017-04-18 03:15:39 DEBUG]: Registering directive: removepoints for command: enjin
[2017-04-18 03:15:39 DEBUG]: Registering directive: getpoints for command: enjin
[2017-04-18 03:15:39 DEBUG]: Registering directive: setpoints for command: enjin
[2017-04-18 03:15:39 DEBUG]: Registering commands and directives for ConfigCommand
[2017-04-18 03:15:39 DEBUG]: Registering directive: config for command: enjin
[2017-04-18 03:15:39 DEBUG]: Registering commands and directives for VoteCommands
[2017-04-18 03:15:39 DEBUG]: Registering directive: vote for command: enjin
[2017-04-18 03:15:39 DEBUG]: Init commands done.
[2017-04-18 03:15:39 DEBUG]: Initializing Listeners
[2017-04-18 03:15:39 DEBUG]: Init listeners done.
[2017-04-18 03:15:39 DEBUG]: Module Initialized: Vault
[2017-04-18 03:15:39 DEBUG]: Registering service: TicketService
[2017-04-18 03:15:39 DEBUG]: Enjin API URL: https://api.enjin.com/api/v1/api.php
[2017-04-18 03:15:40 DEBUG]: JSONRPC2 Request: {"method":"Tickets.getModules","id":2,"params":{"authkey":"**************************************************"},"jsonrpc":"2.0"}
[2017-04-18 03:15:40 DEBUG]: JSONRPC2 Response: {"result":[],"id":"2","jsonrpc":"2.0"}
[2017-04-18 03:15:40 DEBUG]: Module Initialized: Support
[2017-04-18 03:15:40 DEBUG]: Module Initialized: Purchase
[2017-04-18 03:15:40 DEBUG]: Module Initialized: SignStats
[2017-04-18 03:15:40 DEBUG]: Registering vote listener!
[2017-04-18 03:15:40 DEBUG]: Module Initialized: Votifier
[2017-04-18 03:15:40 DEBUG]: Init modules done.
[2017-04-18 03:15:40 DEBUG]: Init plugins done.
[2017-04-18 03:15:40 DEBUG]: PermissionsEx found, hooking custom events.
[2017-04-18 03:15:40 DEBUG]: Init permissions done.
[2017-04-18 03:15:40 DEBUG]: Starting tasks.
[2017-04-18 03:15:40 DEBUG]: Init tasks done.
[2017-04-18 03:15:44 DEBUG]: Enjin API URL: https://api.enjin.com/api/v1/minecraft.php
[2017-04-18 03:15:44 DEBUG]: JSONRPC2 Request: {"method":"Plugin.getStats","id":3,"params":{"authkey":"**************************************************","items":[]},"jsonrpc":"2.0"}
[2017-04-18 03:15:44 DEBUG]: JSONRPC2 Response: {"result":{"top_donators_money":[],"top_voters_day":[],"top_forum_likes":[{"player_name":"awesome_pro321","likes":"0"}],"item_purchases":[],"recent_purchases":[],"top_donators_points":[],"top_points_day":[],"top_players":[{"hours":8.56,"player_name":"Zargon_King"},{"hours":4.66,"player_name":"Spid0207"},{"hours":4.19,"player_name":"Demonisef"},{"hours":2.17,"player_name":"ItsMeFray"},{"hours":1.91,"player_name":"SpyJay_YT"},{"hours":1.77,"player_name":"adambash"},{"hours":0.57,"player_name":"FlamesYoutube"},{"hours":0.37,"player_name":"Umbyy"},{"hours":0.32,"player_name":"wethemineguy"},{"hours":0.17,"player_name":"Fanawtik"}],"top_donators_money_month":[],"recent_voters":[],"top_voters_month":[],"latest_members":[{"player_name":"awesome_pro321","datejoined":"1492398699"}],"top_donators_money_day":[],"top_points_week":[],"top_donators_points_week":[],"top_donators_points_month":[],"top_voters_week":[],"top_posters":[{"player_name":"awesome_pro321","posts":"2"}],"top_points":[],"top_donators_points_day":[],"top_donators_money_week":[],"top_points_month":[]},"id":"3","jsonrpc":"2.0"}
[2017-04-18 03:16:46 DEBUG]: Syncing with Enjin services...
[2017-04-18 03:16:46 DEBUG]: Constructing payload...
[2017-04-18 03:16:46 DEBUG]: Fetching plugin service...
[2017-04-18 03:16:46 DEBUG]: Syncing...
[2017-04-18 03:16:46 DEBUG]: Enjin API URL: https://api.enjin.com/api/v1/minecraft.php
[2017-04-18 03:16:47 DEBUG]: JSONRPC2 Request: {"method":"Plugin.sync","id":4,"params":{"authkey":"**************************************************","status":{"java_version":"1.8.0_60","mc_version":"1.11.2","plugins":["ChatColor2","CommandHelper","PlaceholderAPI","WorldResourcepacks","BetterChairs","PlayerSkills","PowerNBT","CustomPolls","SuperTrails","EditableSign","StaffEssentials","CoreProtect","AsyncWorldEditInjector","WorldEdit","OpenInv","CrackShot","SurvivalGames","BukkitColorCodes","Votifier","ProtocolLib","WorldPortals","AutoSaveWorld","LibsDisguises","AsyncWorldEdit","PermissionsEx","RBuy","Timer","Vault","MassiveCore","BountyPerks","PerWorldInventory","PlotSquared","WorldGuard","PerPlayerBlood","Essentials","Multiverse-Core","PreventShare","EssentialsChat","Multiverse-Portals","Vampire","GriefPrevention","EnjinMinecraftPlugin","HolographicDisplays","Factions","EssentialsProtect","EssentialsGeoIP","Multiverse-NetherPortals","EssentialsSpawn","Magic","ProjectKorra","BendingEssentials","ProjectKorraItems","ProjectKorraRPG"],"hasranks":true,"pluginversion":"3.1.4","worlds":["world","world_nether","world_the_end","HG2","HG1","pmcspawn","Survival","Atlantis"],"groups":["Citizen","Helper","VIP","Semi-Moderator","Moderator","Semi-Admin","Admin","Super-Admin","God","MarvelOwner","OCOwner","Trusted"],"maxplayers":1000.0,"players":3.0,"playerlist":[{"name":"ItsMeFray","vanish":false,"uuid":"d0af3c1139e14c6f9ae57d89aa3682cf"},{"name":"Zargon_King","vanish":false,"uuid":"713cae7aef6d4a0689224741459c12bc"},{"name":"Demonisef","vanish":false,"uuid":"18444ae9d5f74bfaaded4bdcaf8a1e0b"}],"playergroups":{"Demonisef":{"uuid":"18444ae9-d5f7-4bfa-aded-4bdcaf8a1e0b","worlds":{"HG2":["Semi-Moderator"],"world":["Semi-Moderator"],"world_the_end":["Semi-Moderator"],"HG1":["Semi-Moderator"],"world_nether":["Semi-Moderator"],"pmcspawn":["Semi-Moderator"],"*":["Semi-Moderator"],"Survival":["Semi-Moderator"],"Atlantis":["Semi-Moderator"]}},"ItsMeFray":{"uuid":"d0af3c11-39e1-4c6f-9ae5-7d89aa3682cf","worlds":{"HG2":["Citizen"],"world":["Citizen"],"world_the_end":["Citizen"],"HG1":["Citizen"],"world_nether":["Citizen"],"pmcspawn":["Citizen"],"*":["Citizen"],"Survival":["Citizen"],"Atlantis":["Citizen"]}},"Zargon_King":{"uuid":"713cae7a-ef6d-4a06-8922-4741459c12bc","worlds":{"HG2":["God"],"world":["God"],"world_the_end":["God"],"HG1":["God"],"world_nether":["God"],"pmcspawn":["God"],"*":["God"],"Survival":["God"],"Atlantis":["God"]}}},"tps":19.980019980019982,"executed_commands":[]}},"jsonrpc":"2.0"}
[2017-04-18 03:16:47 DEBUG]: JSONRPC2 Response: {"result":{"instructions":[],"status":"ok"},"id":"4","jsonrpc":"2.0"}
[2017-04-18 03:16:47 DEBUG]: Sync complete...
[2017-04-18 03:17:18 DEBUG]: Scanning banned player list
[2017-04-18 03:17:47 DEBUG]: Syncing with Enjin services...
[2017-04-18 03:17:47 DEBUG]: Constructing payload...
[2017-04-18 03:17:47 DEBUG]: Fetching plugin service...
[2017-04-18 03:17:47 DEBUG]: Syncing...
[2017-04-18 03:17:47 DEBUG]: Enjin API URL: https://api.enjin.com/api/v1/minecraft.php
[2017-04-18 03:17:47 DEBUG]: JSONRPC2 Request: {"method":"Plugin.sync","id":5,"params":{"authkey":"**************************************************","status":{"java_version":"1.8.0_60","mc_version":"1.11.2","plugins":["ChatColor2","CommandHelper","PlaceholderAPI","WorldResourcepacks","BetterChairs","PlayerSkills","PowerNBT","CustomPolls","SuperTrails","EditableSign","StaffEssentials","CoreProtect","AsyncWorldEditInjector","WorldEdit","OpenInv","CrackShot","SurvivalGames","BukkitColorCodes","Votifier","ProtocolLib","WorldPortals","AutoSaveWorld","LibsDisguises","AsyncWorldEdit","PermissionsEx","RBuy","Timer","Vault","MassiveCore","BountyPerks","PerWorldInventory","PlotSquared","WorldGuard","PerPlayerBlood","Essentials","Multiverse-Core","PreventShare","EssentialsChat","Multiverse-Portals","Vampire","GriefPrevention","EnjinMinecraftPlugin","HolographicDisplays","Factions","EssentialsProtect","EssentialsGeoIP","Multiverse-NetherPortals","EssentialsSpawn","Magic","ProjectKorra","BendingEssentials","ProjectKorraItems","ProjectKorraRPG"],"hasranks":true,"pluginversion":"3.1.4","worlds":["world","world_nether","world_the_end","HG2","HG1","pmcspawn","Survival","Atlantis"],"groups":["Citizen","Helper","VIP","Semi-Moderator","Moderator","Semi-Admin","Admin","Super-Admin","God","MarvelOwner","OCOwner","Trusted"],"maxplayers":1000.0,"players":3.0,"playerlist":[{"name":"ItsMeFray","vanish":false,"uuid":"d0af3c1139e14c6f9ae57d89aa3682cf"},{"name":"Zargon_King","vanish":false,"uuid":"713cae7aef6d4a0689224741459c12bc"},{"name":"Demonisef","vanish":false,"uuid":"18444ae9d5f74bfaaded4bdcaf8a1e0b"}],"playergroups":{},"tps":19.9203187250996,"executed_commands":[]}},"jsonrpc":"2.0"}
[2017-04-18 03:17:47 DEBUG]: JSONRPC2 Response: {"result":{"instructions":[],"status":"ok"},"id":"5","jsonrpc":"2.0"}
[2017-04-18 03:17:47 DEBUG]: Sync complete...
[2017-04-18 03:18:47 DEBUG]: Syncing with Enjin services...
[2017-04-18 03:18:47 DEBUG]: Constructing payload...
[2017-04-18 03:18:47 DEBUG]: Fetching plugin service...
[2017-04-18 03:18:47 DEBUG]: Syncing...
[2017-04-18 03:18:47 DEBUG]: Enjin API URL: https://api.enjin.com/api/v1/minecraft.php
[2017-04-18 03:18:47 DEBUG]: JSONRPC2 Request: {"method":"Plugin.sync","id":6,"params":{"authkey":"**************************************************","status":{"java_version":"1.8.0_60","mc_version":"1.11.2","plugins":["ChatColor2","CommandHelper","PlaceholderAPI","WorldResourcepacks","BetterChairs","PlayerSkills","PowerNBT","CustomPolls","SuperTrails","EditableSign","StaffEssentials","CoreProtect","AsyncWorldEditInjector","WorldEdit","OpenInv","CrackShot","SurvivalGames","BukkitColorCodes","Votifier","ProtocolLib","WorldPortals","AutoSaveWorld","LibsDisguises","AsyncWorldEdit","PermissionsEx","RBuy","Timer","Vault","MassiveCore","BountyPerks","PerWorldInventory","PlotSquared","WorldGuard","PerPlayerBlood","Essentials","Multiverse-Core","PreventShare","EssentialsChat","Multiverse-Portals","Vampire","GriefPrevention","EnjinMinecraftPlugin","HolographicDisplays","Factions","EssentialsProtect","EssentialsGeoIP","Multiverse-NetherPortals","EssentialsSpawn","Magic","ProjectKorra","BendingEssentials","ProjectKorraItems","ProjectKorraRPG"],"hasranks":true,"pluginversion":"3.1.4","worlds":["world","world_nether","world_the_end","HG2","HG1","pmcspawn","Survival","Atlantis"],"groups":["Citizen","Helper","VIP","Semi-Moderator","Moderator","Semi-Admin","Admin","Super-Admin","God","MarvelOwner","OCOwner","Trusted"],"maxplayers":1000.0,"players":3.0,"playerlist":[{"name":"ItsMeFray","vanish":false,"uuid":"d0af3c1139e14c6f9ae57d89aa3682cf"},{"name":"Zargon_King","vanish":false,"uuid":"713cae7aef6d4a0689224741459c12bc"},{"name":"Demonisef","vanish":false,"uuid":"18444ae9d5f74bfaaded4bdcaf8a1e0b"}],"playergroups":{},"tps":20.0,"executed_commands":[]}},"jsonrpc":"2.0"}
[2017-04-18 03:18:47 DEBUG]: JSONRPC2 Response: {"result":{"instructions":[],"status":"ok"},"id":"6","jsonrpc":"2.0"}
[2017-04-18 03:18:47 DEBUG]: Sync complete...
[2017-04-18 03:18:49 DEBUG]: Scanning banned player list
[2017-04-18 03:19:47 DEBUG]: Syncing with Enjin services...
[2017-04-18 03:19:47 DEBUG]: Constructing payload...
[2017-04-18 03:19:47 DEBUG]: Fetching plugin service...
[2017-04-18 03:19:47 DEBUG]: Syncing...
[2017-04-18 03:19:47 DEBUG]: Enjin API URL: https://api.enjin.com/api/v1/minecraft.php
[2017-04-18 03:19:47 DEBUG]: JSONRPC2 Request: {"method":"Plugin.sync","id":7,"params":{"authkey":"**************************************************","status":{"java_version":"1.8.0_60","mc_version":"1.11.2","plugins":["ChatColor2","CommandHelper","PlaceholderAPI","WorldResourcepacks","BetterChairs","PlayerSkills","PowerNBT","CustomPolls","SuperTrails","EditableSign","StaffEssentials","CoreProtect","AsyncWorldEditInjector","WorldEdit","OpenInv","CrackShot","SurvivalGames","BukkitColorCodes","Votifier","ProtocolLib","WorldPortals","AutoSaveWorld","LibsDisguises","AsyncWorldEdit","PermissionsEx","RBuy","Timer","Vault","MassiveCore","BountyPerks","PerWorldInventory","PlotSquared","WorldGuard","PerPlayerBlood","Essentials","Multiverse-Core","PreventShare","EssentialsChat","Multiverse-Portals","Vampire","GriefPrevention","EnjinMinecraftPlugin","HolographicDisplays","Factions","EssentialsProtect","EssentialsGeoIP","Multiverse-NetherPortals","EssentialsSpawn","Magic","ProjectKorra","BendingEssentials","ProjectKorraItems","ProjectKorraRPG"],"hasranks":true,"pluginversion":"3.1.4","worlds":["world","world_nether","world_the_end","HG2","HG1","pmcspawn","Survival","Atlantis"],"groups":["Citizen","Helper","VIP","Semi-Moderator","Moderator","Semi-Admin","Admin","Super-Admin","God","MarvelOwner","OCOwner","Trusted"],"maxplayers":1000.0,"players":3.0,"playerlist":[{"name":"ItsMeFray","vanish":false,"uuid":"d0af3c1139e14c6f9ae57d89aa3682cf"},{"name":"Zargon_King","vanish":false,"uuid":"713cae7aef6d4a0689224741459c12bc"},{"name":"Demonisef","vanish":false,"uuid":"18444ae9d5f74bfaaded4bdcaf8a1e0b"}],"playergroups":{},"tps":20.0,"executed_commands":[]}},"jsonrpc":"2.0"}
[2017-04-18 03:19:47 DEBUG]: JSONRPC2 Response: {"result":{"instructions":[],"status":"ok"},"id":"7","jsonrpc":"2.0"}
[2017-04-18 03:19:47 DEBUG]: Sync complete...
[2017-04-18 03:20:19 DEBUG]: Scanning banned player list
[2017-04-18 03:20:47 DEBUG]: Syncing with Enjin services...
[2017-04-18 03:20:47 DEBUG]: Constructing payload...
[2017-04-18 03:20:47 DEBUG]: Fetching plugin service...
[2017-04-18 03:20:47 DEBUG]: Syncing...
[2017-04-18 03:20:47 DEBUG]: Enjin API URL: https://api.enjin.com/api/v1/minecraft.php
[2017-04-18 03:20:47 DEBUG]: Enjin API URL: https://api.enjin.com/api/v1/minecraft.php
[2017-04-18 03:20:47 DEBUG]: JSONRPC2 Request: {"method":"Plugin.sync","id":8,"params":{"authkey":"**************************************************","status":{"java_version":"1.8.0_60","mc_version":"1.11.2","plugins":["ChatColor2","CommandHelper","PlaceholderAPI","WorldResourcepacks","BetterChairs","PlayerSkills","PowerNBT","CustomPolls","SuperTrails","EditableSign","StaffEssentials","CoreProtect","AsyncWorldEditInjector","WorldEdit","OpenInv","CrackShot","SurvivalGames","BukkitColorCodes","Votifier","ProtocolLib","WorldPortals","AutoSaveWorld","LibsDisguises","AsyncWorldEdit","PermissionsEx","RBuy","Timer","Vault","MassiveCore","BountyPerks","PerWorldInventory","PlotSquared","WorldGuard","PerPlayerBlood","Essentials","Multiverse-Core","PreventShare","EssentialsChat","Multiverse-Portals","Vampire","GriefPrevention","EnjinMinecraftPlugin","HolographicDisplays","Factions","EssentialsProtect","EssentialsGeoIP","Multiverse-NetherPortals","EssentialsSpawn","Magic","ProjectKorra","BendingEssentials","ProjectKorraItems","ProjectKorraRPG"],"hasranks":true,"pluginversion":"3.1.4","worlds":["world","world_nether","world_the_end","HG2","HG1","pmcspawn","Survival","Atlantis"],"groups":["Citizen","Helper","VIP","Semi-Moderator","Moderator","Semi-Admin","Admin","Super-Admin","God","MarvelOwner","OCOwner","Trusted"],"maxplayers":1000.0,"players":3.0,"playerlist":[{"name":"ItsMeFray","vanish":false,"uuid":"d0af3c1139e14c6f9ae57d89aa3682cf"},{"name":"Zargon_King","vanish":false,"uuid":"713cae7aef6d4a0689224741459c12bc"},{"name":"Demonisef","vanish":false,"uuid":"18444ae9d5f74bfaaded4bdcaf8a1e0b"}],"playergroups":{},"tps":20.0,"executed_commands":[]}},"jsonrpc":"2.0"}
[2017-04-18 03:20:47 DEBUG]: JSONRPC2 Response: {"result":{"instructions":[],"status":"ok"},"id":"8","jsonrpc":"2.0"}
[2017-04-18 03:20:47 DEBUG]: Sync complete...
[2017-04-18 03:20:47 DEBUG]: JSONRPC2 Request: {"method":"Plugin.getStats","id":9,"params":{"authkey":"**************************************************","items":[]},"jsonrpc":"2.0"}
[2017-04-18 03:20:47 DEBUG]: JSONRPC2 Response: {"result":{"top_donators_money":[],"top_voters_day":[],"top_forum_likes":[{"player_name":"awesome_pro321","likes":"0"}],"item_purchases":[],"recent_purchases":[],"top_donators_points":[],"top_points_day":[],"top_players":[{"hours":8.64,"player_name":"Zargon_King"},{"hours":4.66,"player_name":"Spid0207"},{"hours":4.27,"player_name":"Demonisef"},{"hours":2.25,"player_name":"ItsMeFray"},{"hours":1.91,"player_name":"SpyJay_YT"},{"hours":1.77,"player_name":"adambash"},{"hours":0.57,"player_name":"FlamesYoutube"},{"hours":0.37,"player_name":"Umbyy"},{"hours":0.32,"player_name":"wethemineguy"},{"hours":0.17,"player_name":"Fanawtik"}],"top_donators_money_month":[],"recent_voters":[],"top_voters_month":[],"latest_members":[{"player_name":"awesome_pro321","datejoined":"1492398699"}],"top_donators_money_day":[],"top_points_week":[],"top_donators_points_week":[],"top_donators_points_month":[],"top_voters_week":[],"top_posters":[{"player_name":"awesome_pro321","posts":"2"}],"top_points":[],"top_donators_points_day":[],"top_donators_money_week":[],"top_points_month":[]},"id":"9","jsonrpc":"2.0"}
[2017-04-18 03:21:47 DEBUG]: Syncing with Enjin services...
[2017-04-18 03:21:47 DEBUG]: Constructing payload...
[2017-04-18 03:21:47 DEBUG]: Fetching plugin service...
[2017-04-18 03:21:47 DEBUG]: Syncing...
[2017-04-18 03:21:47 DEBUG]: Enjin API URL: https://api.enjin.com/api/v1/minecraft.php
[2017-04-18 03:21:47 DEBUG]: JSONRPC2 Request: {"method":"Plugin.sync","id":10,"params":{"authkey":"**************************************************","status":{"java_version":"1.8.0_60","mc_version":"1.11.2","plugins":["ChatColor2","CommandHelper","PlaceholderAPI","WorldResourcepacks","BetterChairs","PlayerSkills","PowerNBT","CustomPolls","SuperTrails","EditableSign","StaffEssentials","CoreProtect","AsyncWorldEditInjector","WorldEdit","OpenInv","CrackShot","SurvivalGames","BukkitColorCodes","Votifier","ProtocolLib","WorldPortals","AutoSaveWorld","LibsDisguises","AsyncWorldEdit","PermissionsEx","RBuy","Timer","Vault","MassiveCore","BountyPerks","PerWorldInventory","PlotSquared","WorldGuard","PerPlayerBlood","Essentials","Multiverse-Core","PreventShare","EssentialsChat","Multiverse-Portals","Vampire","GriefPrevention","EnjinMinecraftPlugin","HolographicDisplays","Factions","EssentialsProtect","EssentialsGeoIP","Multiverse-NetherPortals","EssentialsSpawn","Magic","ProjectKorra","BendingEssentials","ProjectKorraItems","ProjectKorraRPG"],"hasranks":true,"pluginversion":"3.1.4","worlds":["world","world_nether","world_the_end","HG2","HG1","pmcspawn","Survival","Atlantis"],"groups":["Citizen","Helper","VIP","Semi-Moderator","Moderator","Semi-Admin","Admin","Super-Admin","God","MarvelOwner","OCOwner","Trusted"],"maxplayers":1000.0,"players":3.0,"playerlist":[{"name":"ItsMeFray","vanish":false,"uuid":"d0af3c1139e14c6f9ae57d89aa3682cf"},{"name":"Zargon_King","vanish":false,"uuid":"713cae7aef6d4a0689224741459c12bc"},{"name":"Demonisef","vanish":false,"uuid":"18444ae9d5f74bfaaded4bdcaf8a1e0b"}],"playergroups":{},"tps":19.9700449326011,"executed_commands":[]}},"jsonrpc":"2.0"}
[2017-04-18 03:21:47 DEBUG]: JSONRPC2 Response: {"result":{"instructions":[],"status":"ok"},"id":"10","jsonrpc":"2.0"}
[2017-04-18 03:21:47 DEBUG]: Sync complete...
[2017-04-18 03:21:49 DEBUG]: Scanning banned player list
[2017-04-18 03:22:47 DEBUG]: Syncing with Enjin services...
[2017-04-18 03:22:47 DEBUG]: Constructing payload...
[2017-04-18 03:22:47 DEBUG]: Fetching plugin service...
[2017-04-18 03:22:47 DEBUG]: Syncing...
[2017-04-18 03:22:47 DEBUG]: Enjin API URL: https://api.enjin.com/api/v1/minecraft.php
[2017-04-18 03:22:47 DEBUG]: JSONRPC2 Request: {"method":"Plugin.sync","id":11,"params":{"authkey":"**************************************************","status":{"java_version":"1.8.0_60","mc_version":"1.11.2","plugins":["ChatColor2","CommandHelper","PlaceholderAPI","WorldResourcepacks","BetterChairs","PlayerSkills","PowerNBT","CustomPolls","SuperTrails","EditableSign","StaffEssentials","CoreProtect","AsyncWorldEditInjector","WorldEdit","OpenInv","CrackShot","SurvivalGames","BukkitColorCodes","Votifier","ProtocolLib","WorldPortals","AutoSaveWorld","LibsDisguises","AsyncWorldEdit","PermissionsEx","RBuy","Timer","Vault","MassiveCore","BountyPerks","PerWorldInventory","PlotSquared","WorldGuard","PerPlayerBlood","Essentials","Multiverse-Core","PreventShare","EssentialsChat","Multiverse-Portals","Vampire","GriefPrevention","EnjinMinecraftPlugin","HolographicDisplays","Factions","EssentialsProtect","EssentialsGeoIP","Multiverse-NetherPortals","EssentialsSpawn","Magic","ProjectKorra","BendingEssentials","ProjectKorraItems","ProjectKorraRPG"],"hasranks":true,"pluginversion":"3.1.4","worlds":["world","world_nether","world_the_end","HG2","HG1","pmcspawn","Survival","Atlantis"],"groups":["Citizen","Helper","VIP","Semi-Moderator","Moderator","Semi-Admin","Admin","Super-Admin","God","MarvelOwner","OCOwner","Trusted"],"maxplayers":1000.0,"players":3.0,"playerlist":[{"name":"ItsMeFray","vanish":false,"uuid":"d0af3c1139e14c6f9ae57d89aa3682cf"},{"name":"Zargon_King","vanish":false,"uuid":"713cae7aef6d4a0689224741459c12bc"},{"name":"Demonisef","vanish":false,"uuid":"18444ae9d5f74bfaaded4bdcaf8a1e0b"}],"playergroups":{},"tps":19.980019980019982,"executed_commands":[]}},"jsonrpc":"2.0"}
[2017-04-18 03:22:47 DEBUG]: JSONRPC2 Response: {"result":{"instructions":[],"status":"ok"},"id":"11","jsonrpc":"2.0"}
[2017-04-18 03:22:47 DEBUG]: Sync complete...
[2017-04-18 03:23:19 DEBUG]: Scanning banned player list
[2017-04-18 03:23:47 DEBUG]: Syncing with Enjin services...
[2017-04-18 03:23:47 DEBUG]: Constructing payload...
[2017-04-18 03:23:47 DEBUG]: Fetching plugin service...
[2017-04-18 03:23:47 DEBUG]: Syncing...
[2017-04-18 03:23:47 DEBUG]: Enjin API URL: https://api.enjin.com/api/v1/minecraft.php
[2017-04-18 03:23:47 DEBUG]: JSONRPC2 Request: {"method":"Plugin.sync","id":12,"params":{"authkey":"**************************************************","status":{"java_version":"1.8.0_60","mc_version":"1.11.2","plugins":["ChatColor2","CommandHelper","PlaceholderAPI","WorldResourcepacks","BetterChairs","PlayerSkills","PowerNBT","CustomPolls","SuperTrails","EditableSign","StaffEssentials","CoreProtect","AsyncWorldEditInjector","WorldEdit","OpenInv","CrackShot","SurvivalGames","BukkitColorCodes","Votifier","ProtocolLib","WorldPortals","AutoSaveWorld","LibsDisguises","AsyncWorldEdit","PermissionsEx","RBuy","Timer","Vault","MassiveCore","BountyPerks","PerWorldInventory","PlotSquared","WorldGuard","PerPlayerBlood","Essentials","Multiverse-Core","PreventShare","EssentialsChat","Multiverse-Portals","Vampire","GriefPrevention","EnjinMinecraftPlugin","HolographicDisplays","Factions","EssentialsProtect","EssentialsGeoIP","Multiverse-NetherPortals","EssentialsSpawn","Magic","ProjectKorra","BendingEssentials","ProjectKorraItems","ProjectKorraRPG"],"hasranks":true,"pluginversion":"3.1.4","worlds":["world","world_nether","world_the_end","HG2","HG1","pmcspawn","Survival","Atlantis"],"groups":["Citizen","Helper","VIP","Semi-Moderator","Moderator","Semi-Admin","Admin","Super-Admin","God","MarvelOwner","OCOwner","Trusted"],"maxplayers":1000.0,"players":3.0,"playerlist":[{"name":"ItsMeFray","vanish":false,"uuid":"d0af3c1139e14c6f9ae57d89aa3682cf"},{"name":"Zargon_King","vanish":false,"uuid":"713cae7aef6d4a0689224741459c12bc"},{"name":"Demonisef","vanish":false,"uuid":"18444ae9d5f74bfaaded4bdcaf8a1e0b"}],"playergroups":{},"tps":19.960079840319363,"executed_commands":[]}},"jsonrpc":"2.0"}
[2017-04-18 03:23:47 DEBUG]: JSONRPC2 Response: {"result":{"instructions":[],"status":"ok"},"id":"12","jsonrpc":"2.0"}
[2017-04-18 03:23:47 DEBUG]: Sync complete...
[2017-04-18 03:24:47 DEBUG]: Syncing with Enjin services...
[2017-04-18 03:24:47 DEBUG]: Constructing payload...
[2017-04-18 03:24:47 DEBUG]: Fetching plugin service...
[2017-04-18 03:24:47 DEBUG]: Syncing...
[2017-04-18 03:24:47 DEBUG]: Enjin API URL: https://api.enjin.com/api/v1/minecraft.php
[2017-04-18 03:24:47 DEBUG]: JSONRPC2 Request: {"method":"Plugin.sync","id":13,"params":{"authkey":"**************************************************","status":{"java_version":"1.8.0_60","mc_version":"1.11.2","plugins":["ChatColor2","CommandHelper","PlaceholderAPI","WorldResourcepacks","BetterChairs","PlayerSkills","PowerNBT","CustomPolls","SuperTrails","EditableSign","StaffEssentials","CoreProtect","AsyncWorldEditInjector","WorldEdit","OpenInv","CrackShot","SurvivalGames","BukkitColorCodes","Votifier","ProtocolLib","WorldPortals","AutoSaveWorld","LibsDisguises","AsyncWorldEdit","PermissionsEx","RBuy","Timer","Vault","MassiveCore","BountyPerks","PerWorldInventory","PlotSquared","WorldGuard","PerPlayerBlood","Essentials","Multiverse-Core","PreventShare","EssentialsChat","Multiverse-Portals","Vampire","GriefPrevention","EnjinMinecraftPlugin","HolographicDisplays","Factions","EssentialsProtect","EssentialsGeoIP","Multiverse-NetherPortals","EssentialsSpawn","Magic","ProjectKorra","BendingEssentials","ProjectKorraItems","ProjectKorraRPG"],"hasranks":true,"pluginversion":"3.1.4","worlds":["world","world_nether","world_the_end","HG2","HG1","pmcspawn","Survival","Atlantis"],"groups":["Citizen","Helper","VIP","Semi-Moderator","Moderator","Semi-Admin","Admin","Super-Admin","God","MarvelOwner","OCOwner","Trusted"],"maxplayers":1000.0,"players":3.0,"playerlist":[{"name":"ItsMeFray","vanish":false,"uuid":"d0af3c1139e14c6f9ae57d89aa3682cf"},{"name":"Zargon_King","vanish":false,"uuid":"713cae7aef6d4a0689224741459c12bc"},{"name":"Demonisef","vanish":false,"uuid":"18444ae9d5f74bfaaded4bdcaf8a1e0b"}],"playergroups":{},"tps":20.0,"executed_commands":[]}},"jsonrpc":"2.0"}
[2017-04-18 03:24:47 DEBUG]: JSONRPC2 Response: {"result":{"instructions":[],"status":"ok"},"id":"13","jsonrpc":"2.0"}
[2017-04-18 03:24:47 DEBUG]: Sync complete...
[2017-04-18 03:24:49 DEBUG]: Scanning banned player list
[2017-04-18 03:25:47 DEBUG]: Syncing with Enjin services...
[2017-04-18 03:25:47 DEBUG]: Constructing payload...
[2017-04-18 03:25:47 DEBUG]: Fetching plugin service...
[2017-04-18 03:25:47 DEBUG]: Syncing...
[2017-04-18 03:25:47 DEBUG]: Enjin API URL: https://api.enjin.com/api/v1/minecraft.php
[2017-04-18 03:25:47 DEBUG]: JSONRPC2 Request: {"method":"Plugin.sync","id":14,"params":{"authkey":"**************************************************","status":{"java_version":"1.8.0_60","mc_version":"1.11.2","plugins":["ChatColor2","CommandHelper","PlaceholderAPI","WorldResourcepacks","BetterChairs","PlayerSkills","PowerNBT","CustomPolls","SuperTrails","EditableSign","StaffEssentials","CoreProtect","AsyncWorldEditInjector","WorldEdit","OpenInv","CrackShot","SurvivalGames","BukkitColorCodes","Votifier","ProtocolLib","WorldPortals","AutoSaveWorld","LibsDisguises","AsyncWorldEdit","PermissionsEx","RBuy","Timer","Vault","MassiveCore","BountyPerks","PerWorldInventory","PlotSquared","WorldGuard","PerPlayerBlood","Essentials","Multiverse-Core","PreventShare","EssentialsChat","Multiverse-Portals","Vampire","GriefPrevention","EnjinMinecraftPlugin","HolographicDisplays","Factions","EssentialsProtect","EssentialsGeoIP","Multiverse-NetherPortals","EssentialsSpawn","Magic","ProjectKorra","BendingEssentials","ProjectKorraItems","ProjectKorraRPG"],"hasranks":true,"pluginversion":"3.1.4","worlds":["world","world_nether","world_the_end","HG2","HG1","pmcspawn","Survival","Atlantis"],"groups":["Citizen","Helper","VIP","Semi-Moderator","Moderator","Semi-Admin","Admin","Super-Admin","God","MarvelOwner","OCOwner","Trusted"],"maxplayers":1000.0,"players":3.0,"playerlist":[{"name":"ItsMeFray","vanish":false,"uuid":"d0af3c1139e14c6f9ae57d89aa3682cf"},{"name":"Zargon_King","vanish":false,"uuid":"713cae7aef6d4a0689224741459c12bc"},{"name":"Demonisef","vanish":false,"uuid":"18444ae9d5f74bfaaded4bdcaf8a1e0b"}],"playergroups":{},"tps":20.0,"executed_commands":[]}},"jsonrpc":"2.0"}
[2017-04-18 03:25:47 DEBUG]: JSONRPC2 Response: {"result":{"instructions":[],"status":"ok"},"id":"14","jsonrpc":"2.0"}
[2017-04-18 03:25:47 DEBUG]: Sync complete...
[2017-04-18 03:25:47 DEBUG]: Enjin API URL: https://api.enjin.com/api/v1/minecraft.php
[2017-04-18 03:25:47 DEBUG]: JSONRPC2 Request: {"method":"Plugin.getStats","id":15,"params":{"authkey":"**************************************************","items":[]},"jsonrpc":"2.0"}
[2017-04-18 03:25:47 DEBUG]: JSONRPC2 Response: {"result":{"top_donators_money":[],"top_voters_day":[],"top_forum_likes":[{"player_name":"awesome_pro321","likes":"0"}],"item_purchases":[],"recent_purchases":[],"top_donators_points":[],"top_points_day":[],"top_players":[{"hours":8.72,"player_name":"Zargon_King"},{"hours":4.66,"player_name":"Spid0207"},{"hours":4.36,"player_name":"Demonisef"},{"hours":2.34,"player_name":"ItsMeFray"},{"hours":1.91,"player_name":"SpyJay_YT"},{"hours":1.77,"player_name":"adambash"},{"hours":0.57,"player_name":"FlamesYoutube"},{"hours":0.37,"player_name":"Umbyy"},{"hours":0.32,"player_name":"wethemineguy"},{"hours":0.17,"player_name":"Fanawtik"}],"top_donators_money_month":[],"recent_voters":[],"top_voters_month":[],"latest_members":[{"player_name":"awesome_pro321","datejoined":"1492398699"}],"top_donators_money_day":[],"top_points_week":[],"top_donators_points_week":[],"top_donators_points_month":[],"top_voters_week":[],"top_posters":[{"player_name":"awesome_pro321","posts":"2"}],"top_points":[],"top_donators_points_day":[],"top_donators_money_week":[],"top_points_month":[]},"id":"15","jsonrpc":"2.0"}
[2017-04-18 03:26:19 DEBUG]: Scanning banned player list
[2017-04-18 03:26:47 DEBUG]: Syncing with Enjin services...
[2017-04-18 03:26:47 DEBUG]: Constructing payload...
[2017-04-18 03:26:47 DEBUG]: Fetching plugin service...
[2017-04-18 03:26:47 DEBUG]: Syncing...
[2017-04-18 03:26:47 DEBUG]: Enjin API URL: https://api.enjin.com/api/v1/minecraft.php
[2017-04-18 03:26:47 DEBUG]: JSONRPC2 Request: {"method":"Plugin.sync","id":16,"params":{"authkey":"**************************************************","status":{"java_version":"1.8.0_60","mc_version":"1.11.2","plugins":["ChatColor2","CommandHelper","PlaceholderAPI","WorldResourcepacks","BetterChairs","PlayerSkills","PowerNBT","CustomPolls","SuperTrails","EditableSign","StaffEssentials","CoreProtect","AsyncWorldEditInjector","WorldEdit","OpenInv","CrackShot","SurvivalGames","BukkitColorCodes","Votifier","ProtocolLib","WorldPortals","AutoSaveWorld","LibsDisguises","AsyncWorldEdit","PermissionsEx","RBuy","Timer","Vault","MassiveCore","BountyPerks","PerWorldInventory","PlotSquared","WorldGuard","PerPlayerBlood","Essentials","Multiverse-Core","PreventShare","EssentialsChat","Multiverse-Portals","Vampire","GriefPrevention","EnjinMinecraftPlugin","HolographicDisplays","Factions","EssentialsProtect","EssentialsGeoIP","Multiverse-NetherPortals","EssentialsSpawn","Magic","ProjectKorra","BendingEssentials","ProjectKorraItems","ProjectKorraRPG"],"hasranks":true,"pluginversion":"3.1.4","worlds":["world","world_nether","world_the_end","HG2","HG1","pmcspawn","Survival","Atlantis"],"groups":["Citizen","Helper","VIP","Semi-Moderator","Moderator","Semi-Admin","Admin","Super-Admin","God","MarvelOwner","OCOwner","Trusted"],"maxplayers":1000.0,"players":3.0,"playerlist":[{"name":"ItsMeFray","vanish":false,"uuid":"d0af3c1139e14c6f9ae57d89aa3682cf"},{"name":"Zargon_King","vanish":false,"uuid":"713cae7aef6d4a0689224741459c12bc"},{"name":"Demonisef","vanish":false,"uuid":"18444ae9d5f74bfaaded4bdcaf8a1e0b"}],"playergroups":{},"tps":20.0,"executed_commands":[]}},"jsonrpc":"2.0"}
[2017-04-18 03:26:47 DEBUG]: JSONRPC2 Response: {"result":{"instructions":[],"status":"ok"},"id":"16","jsonrpc":"2.0"}
[2017-04-18 03:26:47 DEBUG]: Sync complete...
[2017-04-18 03:27:47 DEBUG]: Syncing with Enjin services...
[2017-04-18 03:27:47 DEBUG]: Constructing payload...
[2017-04-18 03:27:47 DEBUG]: Fetching plugin service...
[2017-04-18 03:27:47 DEBUG]: Syncing...
[2017-04-18 03:27:47 DEBUG]: Enjin API URL: https://api.enjin.com/api/v1/minecraft.php
[2017-04-18 03:27:47 DEBUG]: JSONRPC2 Request: {"method":"Plugin.sync","id":17,"params":{"authkey":"**************************************************","status":{"java_version":"1.8.0_60","mc_version":"1.11.2","plugins":["ChatColor2","CommandHelper","PlaceholderAPI","WorldResourcepacks","BetterChairs","PlayerSkills","PowerNBT","CustomPolls","SuperTrails","EditableSign","StaffEssentials","CoreProtect","AsyncWorldEditInjector","WorldEdit","OpenInv","CrackShot","SurvivalGames","BukkitColorCodes","Votifier","ProtocolLib","WorldPortals","AutoSaveWorld","LibsDisguises","AsyncWorldEdit","PermissionsEx","RBuy","Timer","Vault","MassiveCore","BountyPerks","PerWorldInventory","PlotSquared","WorldGuard","PerPlayerBlood","Essentials","Multiverse-Core","PreventShare","EssentialsChat","Multiverse-Portals","Vampire","GriefPrevention","EnjinMinecraftPlugin","HolographicDisplays","Factions","EssentialsProtect","EssentialsGeoIP","Multiverse-NetherPortals","EssentialsSpawn","Magic","ProjectKorra","BendingEssentials","ProjectKorraItems","ProjectKorraRPG"],"hasranks":true,"pluginversion":"3.1.4","worlds":["world","world_nether","world_the_end","HG2","HG1","pmcspawn","Survival","Atlantis"],"groups":["Citizen","Helper","VIP","Semi-Moderator","Moderator","Semi-Admin","Admin","Super-Admin","God","MarvelOwner","OCOwner","Trusted"],"maxplayers":1000.0,"players":3.0,"playerlist":[{"name":"ItsMeFray","vanish":false,"uuid":"d0af3c1139e14c6f9ae57d89aa3682cf"},{"name":"Zargon_King","vanish":false,"uuid":"713cae7aef6d4a0689224741459c12bc"},{"name":"Demonisef","vanish":false,"uuid":"18444ae9d5f74bfaaded4bdcaf8a1e0b"}],"playergroups":{},"tps":19.980019980019982,"executed_commands":[]}},"jsonrpc":"2.0"}
[2017-04-18 03:27:47 DEBUG]: JSONRPC2 Response: {"result":{"instructions":[],"status":"ok"},"id":"17","jsonrpc":"2.0"}
[2017-04-18 03:27:47 DEBUG]: Sync complete...
[2017-04-18 03:27:49 DEBUG]: Scanning banned player list
[2017-04-18 03:28:47 DEBUG]: Syncing with Enjin services...
[2017-04-18 03:28:47 DEBUG]: Constructing payload...
[2017-04-18 03:28:47 DEBUG]: Fetching plugin service...
[2017-04-18 03:28:47 DEBUG]: Syncing...
[2017-04-18 03:28:47 DEBUG]: Enjin API URL: https://api.enjin.com/api/v1/minecraft.php
[2017-04-18 03:28:47 DEBUG]: JSONRPC2 Request: {"method":"Plugin.sync","id":18,"params":{"authkey":"**************************************************","status":{"java_version":"1.8.0_60","mc_version":"1.11.2","plugins":["ChatColor2","CommandHelper","PlaceholderAPI","WorldResourcepacks","BetterChairs","PlayerSkills","PowerNBT","CustomPolls","SuperTrails","EditableSign","StaffEssentials","CoreProtect","AsyncWorldEditInjector","WorldEdit","OpenInv","CrackShot","SurvivalGames","BukkitColorCodes","Votifier","ProtocolLib","WorldPortals","AutoSaveWorld","LibsDisguises","AsyncWorldEdit","PermissionsEx","RBuy","Timer","Vault","MassiveCore","BountyPerks","PerWorldInventory","PlotSquared","WorldGuard","PerPlayerBlood","Essentials","Multiverse-Core","PreventShare","EssentialsChat","Multiverse-Portals","Vampire","GriefPrevention","EnjinMinecraftPlugin","HolographicDisplays","Factions","EssentialsProtect","EssentialsGeoIP","Multiverse-NetherPortals","EssentialsSpawn","Magic","ProjectKorra","BendingEssentials","ProjectKorraItems","ProjectKorraRPG"],"hasranks":true,"pluginversion":"3.1.4","worlds":["world","world_nether","world_the_end","HG2","HG1","pmcspawn","Survival","Atlantis"],"groups":["Citizen","Helper","VIP","Semi-Moderator","Moderator","Semi-Admin","Admin","Super-Admin","God","MarvelOwner","OCOwner","Trusted"],"maxplayers":1000.0,"players":3.0,"playerlist":[{"name":"ItsMeFray","vanish":false,"uuid":"d0af3c1139e14c6f9ae57d89aa3682cf"},{"name":"Zargon_King","vanish":false,"uuid":"713cae7aef6d4a0689224741459c12bc"},{"name":"Demonisef","vanish":false,"uuid":"18444ae9d5f74bfaaded4bdcaf8a1e0b"}],"playergroups":{},"tps":19.990004997501252,"executed_commands":[]}},"jsonrpc":"2.0"}
[2017-04-18 03:28:47 DEBUG]: JSONRPC2 Response: {"result":{"instructions":[],"status":"ok"},"id":"18","jsonrpc":"2.0"}
[2017-04-18 03:28:47 DEBUG]: Sync complete...
[2017-04-18 03:29:19 DEBUG]: Scanning banned player list
[2017-04-18 03:29:47 DEBUG]: Syncing with Enjin services...
[2017-04-18 03:29:47 DEBUG]: Constructing payload...
[2017-04-18 03:29:47 DEBUG]: Fetching plugin service...
[2017-04-18 03:29:47 DEBUG]: Syncing...
[2017-04-18 03:29:47 DEBUG]: Enjin API URL: https://api.enjin.com/api/v1/minecraft.php
[2017-04-18 03:29:47 DEBUG]: JSONRPC2 Request: {"method":"Plugin.sync","id":19,"params":{"authkey":"**************************************************","status":{"java_version":"1.8.0_60","mc_version":"1.11.2","plugins":["ChatColor2","CommandHelper","PlaceholderAPI","WorldResourcepacks","BetterChairs","PlayerSkills","PowerNBT","CustomPolls","SuperTrails","EditableSign","StaffEssentials","CoreProtect","AsyncWorldEditInjector","WorldEdit","OpenInv","CrackShot","SurvivalGames","BukkitColorCodes","Votifier","ProtocolLib","WorldPortals","AutoSaveWorld","LibsDisguises","AsyncWorldEdit","PermissionsEx","RBuy","Timer","Vault","MassiveCore","BountyPerks","PerWorldInventory","PlotSquared","WorldGuard","PerPlayerBlood","Essentials","Multiverse-Core","PreventShare","EssentialsChat","Multiverse-Portals","Vampire","GriefPrevention","EnjinMinecraftPlugin","HolographicDisplays","Factions","EssentialsProtect","EssentialsGeoIP","Multiverse-NetherPortals","EssentialsSpawn","Magic","ProjectKorra","BendingEssentials","ProjectKorraItems","ProjectKorraRPG"],"hasranks":true,"pluginversion":"3.1.4","worlds":["world","world_nether","world_the_end","HG2","HG1","pmcspawn","Survival","Atlantis"],"groups":["Citizen","Helper","VIP","Semi-Moderator","Moderator","Semi-Admin","Admin","Super-Admin","God","MarvelOwner","OCOwner","Trusted"],"maxplayers":1000.0,"players":2.0,"playerlist":[{"name":"Zargon_King","vanish":false,"uuid":"713cae7aef6d4a0689224741459c12bc"},{"name":"Demonisef","vanish":false,"uuid":"18444ae9d5f74bfaaded4bdcaf8a1e0b"}],"playergroups":{"ItsMeFray":{"uuid":"d0af3c11-39e1-4c6f-9ae5-7d89aa3682cf","worlds":{"HG2":["Citizen"],"world":["Citizen"],"world_the_end":["Citizen"],"HG1":["Citizen"],"world_nether":["Citizen"],"pmcspawn":["Citizen"],"*":["Citizen"],"Survival":["Citizen"],"Atlantis":["Citizen"]}}},"tps":20.0,"executed_commands":[]}},"jsonrpc":"2.0"}
[2017-04-18 03:29:47 DEBUG]: JSONRPC2 Response: {"result":{"instructions":[],"status":"ok"},"id":"19","jsonrpc":"2.0"}
[2017-04-18 03:29:47 DEBUG]: Sync complete...
[2017-04-18 03:30:47 DEBUG]: Syncing with Enjin services...
[2017-04-18 03:30:47 DEBUG]: Constructing payload...
[2017-04-18 03:30:47 DEBUG]: Fetching plugin service...
[2017-04-18 03:30:47 DEBUG]: Syncing...
[2017-04-18 03:30:47 DEBUG]: Enjin API URL: https://api.enjin.com/api/v1/minecraft.php
[2017-04-18 03:30:47 DEBUG]: JSONRPC2 Request: {"method":"Plugin.sync","id":20,"params":{"authkey":"**************************************************","status":{"java_version":"1.8.0_60","mc_version":"1.11.2","plugins":["ChatColor2","CommandHelper","PlaceholderAPI","WorldResourcepacks","BetterChairs","PlayerSkills","PowerNBT","CustomPolls","SuperTrails","EditableSign","StaffEssentials","CoreProtect","AsyncWorldEditInjector","WorldEdit","OpenInv","CrackShot","SurvivalGames","BukkitColorCodes","Votifier","ProtocolLib","WorldPortals","AutoSaveWorld","LibsDisguises","AsyncWorldEdit","PermissionsEx","RBuy","Timer","Vault","MassiveCore","BountyPerks","PerWorldInventory","PlotSquared","WorldGuard","PerPlayerBlood","Essentials","Multiverse-Core","PreventShare","EssentialsChat","Multiverse-Portals","Vampire","GriefPrevention","EnjinMinecraftPlugin","HolographicDisplays","Factions","EssentialsProtect","EssentialsGeoIP","Multiverse-NetherPortals","EssentialsSpawn","Magic","ProjectKorra","BendingEssentials","ProjectKorraItems","ProjectKorraRPG"],"hasranks":true,"pluginversion":"3.1.4","worlds":["world","world_nether","world_the_end","HG2","HG1","pmcspawn","Survival","Atlantis"],"groups":["Citizen","Helper","VIP","Semi-Moderator","Moderator","Semi-Admin","Admin","Super-Admin","God","MarvelOwner","OCOwner","Trusted"],"maxplayers":1000.0,"players":2.0,"playerlist":[{"name":"Zargon_King","vanish":false,"uuid":"713cae7aef6d4a0689224741459c12bc"},{"name":"Demonisef","vanish":false,"uuid":"18444ae9d5f74bfaaded4bdcaf8a1e0b"}],"playergroups":{},"tps":20.0,"executed_commands":[]}},"jsonrpc":"2.0"}
[2017-04-18 03:30:47 DEBUG]: JSONRPC2 Response: {"result":{"instructions":[],"status":"ok"},"id":"20","jsonrpc":"2.0"}
[2017-04-18 03:30:47 DEBUG]: Sync complete...
[2017-04-18 03:30:48 DEBUG]: Enjin API URL: https://api.enjin.com/api/v1/minecraft.php
[2017-04-18 03:30:48 DEBUG]: JSONRPC2 Request: {"method":"Plugin.getStats","id":21,"params":{"authkey":"**************************************************","items":[]},"jsonrpc":"2.0"}
[2017-04-18 03:30:48 DEBUG]: JSONRPC2 Response: {"result":{"top_donators_money":[],"top_voters_day":[],"top_forum_likes":[{"player_name":"awesome_pro321","likes":"0"}],"item_purchases":[],"recent_purchases":[],"top_donators_points":[],"top_points_day":[],"top_players":[{"hours":8.81,"player_name":"Zargon_King"},{"hours":4.66,"player_name":"Spid0207"},{"hours":4.44,"player_name":"Demonisef"},{"hours":2.4,"player_name":"ItsMeFray"},{"hours":1.91,"player_name":"SpyJay_YT"},{"hours":1.77,"player_name":"adambash"},{"hours":0.57,"player_name":"FlamesYoutube"},{"hours":0.37,"player_name":"Umbyy"},{"hours":0.32,"player_name":"wethemineguy"},{"hours":0.17,"player_name":"Fanawtik"}],"top_donators_money_month":[],"recent_voters":[],"top_voters_month":[],"latest_members":[{"player_name":"awesome_pro321","datejoined":"1492398699"}],"top_donators_money_day":[],"top_points_week":[],"top_donators_points_week":[],"top_donators_points_month":[],"top_voters_week":[],"top_posters":[{"player_name":"awesome_pro321","posts":"2"}],"top_points":[],"top_donators_points_day":[],"top_donators_money_week":[],"top_points_month":[]},"id":"21","jsonrpc":"2.0"}
[2017-04-18 03:30:49 DEBUG]: Scanning banned player list
[2017-04-18 03:31:47 DEBUG]: Syncing with Enjin services...
[2017-04-18 03:31:47 DEBUG]: Constructing payload...
[2017-04-18 03:31:47 DEBUG]: Fetching plugin service...
[2017-04-18 03:31:47 DEBUG]: Syncing...
[2017-04-18 03:31:47 DEBUG]: Enjin API URL: https://api.enjin.com/api/v1/minecraft.php
[2017-04-18 03:31:48 DEBUG]: JSONRPC2 Request: {"method":"Plugin.sync","id":22,"params":{"authkey":"**************************************************","status":{"java_version":"1.8.0_60","mc_version":"1.11.2","plugins":["ChatColor2","CommandHelper","PlaceholderAPI","WorldResourcepacks","BetterChairs","PlayerSkills","PowerNBT","CustomPolls","SuperTrails","EditableSign","StaffEssentials","CoreProtect","AsyncWorldEditInjector","WorldEdit","OpenInv","CrackShot","SurvivalGames","BukkitColorCodes","Votifier","ProtocolLib","WorldPortals","AutoSaveWorld","LibsDisguises","AsyncWorldEdit","PermissionsEx","RBuy","Timer","Vault","MassiveCore","BountyPerks","PerWorldInventory","PlotSquared","WorldGuard","PerPlayerBlood","Essentials","Multiverse-Core","PreventShare","EssentialsChat","Multiverse-Portals","Vampire","GriefPrevention","EnjinMinecraftPlugin","HolographicDisplays","Factions","EssentialsProtect","EssentialsGeoIP","Multiverse-NetherPortals","EssentialsSpawn","Magic","ProjectKorra","BendingEssentials","ProjectKorraItems","ProjectKorraRPG"],"hasranks":true,"pluginversion":"3.1.4","worlds":["world","world_nether","world_the_end","HG2","HG1","pmcspawn","Survival","Atlantis"],"groups":["Citizen","Helper","VIP","Semi-Moderator","Moderator","Semi-Admin","Admin","Super-Admin","God","MarvelOwner","OCOwner","Trusted"],"maxplayers":1000.0,"players":2.0,"playerlist":[{"name":"Zargon_King","vanish":false,"uuid":"713cae7aef6d4a0689224741459c12bc"},{"name":"Demonisef","vanish":false,"uuid":"18444ae9d5f74bfaaded4bdcaf8a1e0b"}],"playergroups":{},"tps":20.0,"executed_commands":[]}},"jsonrpc":"2.0"}
[2017-04-18 03:31:48 DEBUG]: JSONRPC2 Response: {"result":{"instructions":[],"status":"ok"},"id":"22","jsonrpc":"2.0"}
[2017-04-18 03:31:48 DEBUG]: Sync complete...
[2017-04-18 03:32:19 DEBUG]: Scanning banned player list
[2017-04-18 03:32:47 DEBUG]: Syncing with Enjin services...
[2017-04-18 03:32:47 DEBUG]: Constructing payload...
[2017-04-18 03:32:47 DEBUG]: Fetching plugin service...
[2017-04-18 03:32:47 DEBUG]: Syncing...
[2017-04-18 03:32:47 DEBUG]: Enjin API URL: https://api.enjin.com/api/v1/minecraft.php
[2017-04-18 03:32:48 DEBUG]: JSONRPC2 Request: {"method":"Plugin.sync","id":23,"params":{"authkey":"**************************************************","status":{"java_version":"1.8.0_60","mc_version":"1.11.2","plugins":["ChatColor2","CommandHelper","PlaceholderAPI","WorldResourcepacks","BetterChairs","PlayerSkills","PowerNBT","CustomPolls","SuperTrails","EditableSign","StaffEssentials","CoreProtect","AsyncWorldEditInjector","WorldEdit","OpenInv","CrackShot","SurvivalGames","BukkitColorCodes","Votifier","ProtocolLib","WorldPortals","AutoSaveWorld","LibsDisguises","AsyncWorldEdit","PermissionsEx","RBuy","Timer","Vault","MassiveCore","BountyPerks","PerWorldInventory","PlotSquared","WorldGuard","PerPlayerBlood","Essentials","Multiverse-Core","PreventShare","EssentialsChat","Multiverse-Portals","Vampire","GriefPrevention","EnjinMinecraftPlugin","HolographicDisplays","Factions","EssentialsProtect","EssentialsGeoIP","Multiverse-NetherPortals","EssentialsSpawn","Magic","ProjectKorra","BendingEssentials","ProjectKorraItems","ProjectKorraRPG"],"hasranks":true,"pluginversion":"3.1.4","worlds":["world","world_nether","world_the_end","HG2","HG1","pmcspawn","Survival","Atlantis"],"groups":["Citizen","Helper","VIP","Semi-Moderator","Moderator","Semi-Admin","Admin","Super-Admin","God","MarvelOwner","OCOwner","Trusted"],"maxplayers":1000.0,"players":2.0,"playerlist":[{"name":"Zargon_King","vanish":false,"uuid":"713cae7aef6d4a0689224741459c12bc"},{"name":"Demonisef","vanish":false,"uuid":"18444ae9d5f74bfaaded4bdcaf8a1e0b"}],"playergroups":{},"tps":19.83143282102132,"executed_commands":[]}},"jsonrpc":"2.0"}
[2017-04-18 03:32:48 DEBUG]: JSONRPC2 Response: {"result":{"instructions":[],"status":"ok"},"id":"23","jsonrpc":"2.0"}
[2017-04-18 03:32:48 DEBUG]: Sync complete...
[2017-04-18 03:33:47 DEBUG]: Syncing with Enjin services...
[2017-04-18 03:33:47 DEBUG]: Constructing payload...
[2017-04-18 03:33:47 DEBUG]: Fetching plugin service...
[2017-04-18 03:33:47 DEBUG]: Syncing...
[2017-04-18 03:33:47 DEBUG]: Enjin API URL: https://api.enjin.com/api/v1/minecraft.php
[2017-04-18 03:33:48 DEBUG]: JSONRPC2 Request: {"method":"Plugin.sync","id":24,"params":{"authkey":"**************************************************","status":{"java_version":"1.8.0_60","mc_version":"1.11.2","plugins":["ChatColor2","CommandHelper","PlaceholderAPI","WorldResourcepacks","BetterChairs","PlayerSkills","PowerNBT","CustomPolls","SuperTrails","EditableSign","StaffEssentials","CoreProtect","AsyncWorldEditInjector","WorldEdit","OpenInv","CrackShot","SurvivalGames","BukkitColorCodes","Votifier","ProtocolLib","WorldPortals","AutoSaveWorld","LibsDisguises","AsyncWorldEdit","PermissionsEx","RBuy","Timer","Vault","MassiveCore","BountyPerks","PerWorldInventory","PlotSquared","WorldGuard","PerPlayerBlood","Essentials","Multiverse-Core","PreventShare","EssentialsChat","Multiverse-Portals","Vampire","GriefPrevention","EnjinMinecraftPlugin","HolographicDisplays","Factions","EssentialsProtect","EssentialsGeoIP","Multiverse-NetherPortals","EssentialsSpawn","Magic","ProjectKorra","BendingEssentials","ProjectKorraItems","ProjectKorraRPG"],"hasranks":true,"pluginversion":"3.1.4","worlds":["world","world_nether","world_the_end","HG2","HG1","pmcspawn","Survival","Atlantis"],"groups":["Citizen","Helper","VIP","Semi-Moderator","Moderator","Semi-Admin","Admin","Super-Admin","God","MarvelOwner","OCOwner","Trusted"],"maxplayers":1000.0,"players":2.0,"playerlist":[{"name":"Zargon_King","vanish":false,"uuid":"713cae7aef6d4a0689224741459c12bc"},{"name":"Demonisef","vanish":false,"uuid":"18444ae9d5f74bfaaded4bdcaf8a1e0b"}],"playergroups":{},"tps":20.0,"executed_commands":[]}},"jsonrpc":"2.0"}
[2017-04-18 03:33:48 DEBUG]: JSONRPC2 Response: {"result":{"instructions":[],"status":"ok"},"id":"24","jsonrpc":"2.0"}
[2017-04-18 03:33:48 DEBUG]: Sync complete...
[2017-04-18 03:33:49 DEBUG]: Scanning banned player list
[2017-04-18 03:34:47 DEBUG]: Syncing with Enjin services...
[2017-04-18 03:34:47 DEBUG]: Constructing payload...
[2017-04-18 03:34:47 DEBUG]: Fetching plugin service...
[2017-04-18 03:34:47 DEBUG]: Syncing...
[2017-04-18 03:34:47 DEBUG]: Enjin API URL: https://api.enjin.com/api/v1/minecraft.php
[2017-04-18 03:34:48 DEBUG]: JSONRPC2 Request: {"method":"Plugin.sync","id":25,"params":{"authkey":"**************************************************","status":{"java_version":"1.8.0_60","mc_version":"1.11.2","plugins":["ChatColor2","CommandHelper","PlaceholderAPI","WorldResourcepacks","BetterChairs","PlayerSkills","PowerNBT","CustomPolls","SuperTrails","EditableSign","StaffEssentials","CoreProtect","AsyncWorldEditInjector","WorldEdit","OpenInv","CrackShot","SurvivalGames","BukkitColorCodes","Votifier","ProtocolLib","WorldPortals","AutoSaveWorld","LibsDisguises","AsyncWorldEdit","PermissionsEx","RBuy","Timer","Vault","MassiveCore","BountyPerks","PerWorldInventory","PlotSquared","WorldGuard","PerPlayerBlood","Essentials","Multiverse-Core","PreventShare","EssentialsChat","Multiverse-Portals","Vampire","GriefPrevention","EnjinMinecraftPlugin","HolographicDisplays","Factions","EssentialsProtect","EssentialsGeoIP","Multiverse-NetherPortals","EssentialsSpawn","Magic","ProjectKorra","BendingEssentials","ProjectKorraItems","ProjectKorraRPG"],"hasranks":true,"pluginversion":"3.1.4","worlds":["world","world_nether","world_the_end","HG2","HG1","pmcspawn","Survival","Atlantis"],"groups":["Citizen","Helper","VIP","Semi-Moderator","Moderator","Semi-Admin","Admin","Super-Admin","God","MarvelOwner","OCOwner","Trusted"],"maxplayers":1000.0,"players":2.0,"playerlist":[{"name":"Zargon_King","vanish":false,"uuid":"713cae7aef6d4a0689224741459c12bc"},{"name":"Demonisef","vanish":false,"uuid":"18444ae9d5f74bfaaded4bdcaf8a1e0b"}],"playergroups":{},"tps":20.0,"executed_commands":[]}},"jsonrpc":"2.0"}
[2017-04-18 03:34:48 DEBUG]: JSONRPC2 Response: {"result":{"instructions":[],"status":"ok"},"id":"25","jsonrpc":"2.0"}
[2017-04-18 03:34:48 DEBUG]: Sync complete...
[2017-04-18 03:35:20 DEBUG]: Scanning banned player list
[2017-04-18 03:35:48 DEBUG]: Syncing with Enjin services...
[2017-04-18 03:35:48 DEBUG]: Constructing payload...
[2017-04-18 03:35:48 DEBUG]: Fetching plugin service...
[2017-04-18 03:35:48 DEBUG]: Syncing...
[2017-04-18 03:35:48 DEBUG]: Enjin API URL: https://api.enjin.com/api/v1/minecraft.php
[2017-04-18 03:35:48 DEBUG]: JSONRPC2 Request: {"method":"Plugin.sync","id":26,"params":{"authkey":"**************************************************","status":{"java_version":"1.8.0_60","mc_version":"1.11.2","plugins":["ChatColor2","CommandHelper","PlaceholderAPI","WorldResourcepacks","BetterChairs","PlayerSkills","PowerNBT","CustomPolls","SuperTrails","EditableSign","StaffEssentials","CoreProtect","AsyncWorldEditInjector","WorldEdit","OpenInv","CrackShot","SurvivalGames","BukkitColorCodes","Votifier","ProtocolLib","WorldPortals","AutoSaveWorld","LibsDisguises","AsyncWorldEdit","PermissionsEx","RBuy","Timer","Vault","MassiveCore","BountyPerks","PerWorldInventory","PlotSquared","WorldGuard","PerPlayerBlood","Essentials","Multiverse-Core","PreventShare","EssentialsChat","Multiverse-Portals","Vampire","GriefPrevention","EnjinMinecraftPlugin","HolographicDisplays","Factions","EssentialsProtect","EssentialsGeoIP","Multiverse-NetherPortals","EssentialsSpawn","Magic","ProjectKorra","BendingEssentials","ProjectKorraItems","ProjectKorraRPG"],"hasranks":true,"pluginversion":"3.1.4","worlds":["world","world_nether","world_the_end","HG2","HG1","pmcspawn","Survival","Atlantis"],"groups":["Citizen","Helper","VIP","Semi-Moderator","Moderator","Semi-Admin","Admin","Super-Admin","God","MarvelOwner","OCOwner","Trusted"],"maxplayers":1000.0,"players":2.0,"playerlist":[{"name":"Zargon_King","vanish":false,"uuid":"713cae7aef6d4a0689224741459c12bc"},{"name":"Demonisef","vanish":false,"uuid":"18444ae9d5f74bfaaded4bdcaf8a1e0b"}],"playergroups":{},"tps":19.990004997501252,"executed_commands":[]}},"jsonrpc":"2.0"}
[2017-04-18 03:35:48 DEBUG]: JSONRPC2 Response: {"result":{"instructions":[],"status":"ok"},"id":"26","jsonrpc":"2.0"}
[2017-04-18 03:35:48 DEBUG]: Sync complete...
[2017-04-18 03:35:48 DEBUG]: Enjin API URL: https://api.enjin.com/api/v1/minecraft.php
[2017-04-18 03:35:48 DEBUG]: JSONRPC2 Request: {"method":"Plugin.getStats","id":27,"params":{"authkey":"**************************************************","items":[]},"jsonrpc":"2.0"}
[2017-04-18 03:35:48 DEBUG]: JSONRPC2 Response: {"result":{"top_donators_money":[],"top_voters_day":[],"top_forum_likes":[{"player_name":"awesome_pro321","likes":"0"}],"item_purchases":[],"recent_purchases":[],"top_donators_points":[],"top_points_day":[],"top_players":[{"hours":8.89,"player_name":"Zargon_King"},{"hours":4.66,"player_name":"Spid0207"},{"hours":4.52,"player_name":"Demonisef"},{"hours":2.4,"player_name":"ItsMeFray"},{"hours":1.91,"player_name":"SpyJay_YT"},{"hours":1.77,"player_name":"adambash"},{"hours":0.57,"player_name":"FlamesYoutube"},{"hours":0.37,"player_name":"Umbyy"},{"hours":0.32,"player_name":"wethemineguy"},{"hours":0.17,"player_name":"Fanawtik"}],"top_donators_money_month":[],"recent_voters":[],"top_voters_month":[],"latest_members":[{"player_name":"awesome_pro321","datejoined":"1492398699"}],"top_donators_money_day":[],"top_points_week":[],"top_donators_points_week":[],"top_donators_points_month":[],"top_voters_week":[],"top_posters":[{"player_name":"awesome_pro321","posts":"2"}],"top_points":[],"top_donators_points_day":[],"top_donators_money_week":[],"top_points_month":[]},"id":"27","jsonrpc":"2.0"}
